<?xml version="1.0" encoding="UTF-8"?>
<!-- Generated by org.testng.reporters.JUnitXMLReporter -->
<testsuite ignored="0" hostname="DESKTOP-OG4D1Q1" failures="0" tests="2" name="ErrorValidations" time="20.194" errors="0" timestamp="2023-02-15T11:24:47 IST">
  <testcase classname="Home.PracticeProject.tests.ErrorValidations" name="lockedOutUserValidation" time="0.851"/>
  <testcase classname="Home.PracticeProject.tests.ErrorValidations" name="performanceGlitchUserValidation" time="7.654"/>
</testsuite> <!-- ErrorValidations -->
