<?xml version="1.0" encoding="UTF-8"?>
<testng-results ignored="0" total="4" passed="4" failed="0" skipped="0">
  <reporter-output>
  </reporter-output>
  <suite started-at="2023-02-15T11:24:27 IST" name="Suite" finished-at="2023-02-15T11:24:47 IST" duration-ms="20194">
    <groups>
    </groups>
    <test started-at="2023-02-15T11:24:27 IST" name="SubmitOrder" finished-at="2023-02-15T11:24:45 IST" duration-ms="18400">
      <class name="Home.PracticeProject.tests.Testclass">
        <test-method is-config="true" signature="launchApplication()[pri:0, instance:Home.PracticeProject.tests.Testclass@64b0598]" started-at="2023-02-15T11:24:27 IST" name="launchApplication" finished-at="2023-02-15T11:24:33 IST" duration-ms="5792" status="PASS">
          <reporter-output>
          </reporter-output>
        </test-method> <!-- launchApplication -->
        <test-method signature="submitOrder(java.util.HashMap)[pri:0, instance:Home.PracticeProject.tests.Testclass@64b0598]" started-at="2023-02-15T11:24:33 IST" name="submitOrder" data-provider="getData" finished-at="2023-02-15T11:24:37 IST" duration-ms="4287" status="PASS">
          <params>
            <param index="0">
              <value>
                <![CDATA[{password=secret_sauce, product=Sauce Labs Onesie, username=standard_user}]]>
              </value>
            </param>
          </params>
          <reporter-output>
          </reporter-output>
        </test-method> <!-- submitOrder -->
        <test-method is-config="true" signature="closeWindow()[pri:0, instance:Home.PracticeProject.tests.Testclass@64b0598]" started-at="2023-02-15T11:24:37 IST" name="closeWindow" finished-at="2023-02-15T11:24:37 IST" duration-ms="330" status="PASS">
          <reporter-output>
          </reporter-output>
        </test-method> <!-- closeWindow -->
        <test-method is-config="true" signature="launchApplication()[pri:0, instance:Home.PracticeProject.tests.Testclass@64b0598]" started-at="2023-02-15T11:24:37 IST" name="launchApplication" finished-at="2023-02-15T11:24:42 IST" duration-ms="4872" status="PASS">
          <reporter-output>
          </reporter-output>
        </test-method> <!-- launchApplication -->
        <test-method signature="submitOrder(java.util.HashMap)[pri:0, instance:Home.PracticeProject.tests.Testclass@64b0598]" started-at="2023-02-15T11:24:42 IST" name="submitOrder" data-provider="getData" finished-at="2023-02-15T11:24:45 IST" duration-ms="2486" status="PASS">
          <params>
            <param index="0">
              <value>
                <![CDATA[{password=secret_sauce, product=Sauce Labs Backpack, username=standard_user}]]>
              </value>
            </param>
          </params>
          <reporter-output>
          </reporter-output>
        </test-method> <!-- submitOrder -->
        <test-method is-config="true" signature="closeWindow()[pri:0, instance:Home.PracticeProject.tests.Testclass@64b0598]" started-at="2023-02-15T11:24:45 IST" name="closeWindow" finished-at="2023-02-15T11:24:45 IST" duration-ms="182" status="PASS">
          <reporter-output>
          </reporter-output>
        </test-method> <!-- closeWindow -->
      </class> <!-- Home.PracticeProject.tests.Testclass -->
    </test> <!-- SubmitOrder -->
    <test started-at="2023-02-15T11:24:27 IST" name="ErrorValidations" finished-at="2023-02-15T11:24:47 IST" duration-ms="20194">
      <class name="Home.PracticeProject.tests.ErrorValidations">
        <test-method is-config="true" signature="launchApplication()[pri:0, instance:Home.PracticeProject.tests.ErrorValidations@5a5a729f]" started-at="2023-02-15T11:24:27 IST" name="launchApplication" finished-at="2023-02-15T11:24:33 IST" duration-ms="6041" status="PASS">
          <reporter-output>
          </reporter-output>
        </test-method> <!-- launchApplication -->
        <test-method signature="lockedOutUserValidation()[pri:0, instance:Home.PracticeProject.tests.ErrorValidations@5a5a729f]" started-at="2023-02-15T11:24:33 IST" name="lockedOutUserValidation" finished-at="2023-02-15T11:24:34 IST" duration-ms="851" status="PASS">
          <reporter-output>
          </reporter-output>
        </test-method> <!-- lockedOutUserValidation -->
        <test-method is-config="true" signature="closeWindow()[pri:0, instance:Home.PracticeProject.tests.ErrorValidations@5a5a729f]" started-at="2023-02-15T11:24:34 IST" name="closeWindow" finished-at="2023-02-15T11:24:34 IST" duration-ms="702" status="PASS">
          <reporter-output>
          </reporter-output>
        </test-method> <!-- closeWindow -->
        <test-method is-config="true" signature="launchApplication()[pri:0, instance:Home.PracticeProject.tests.ErrorValidations@5a5a729f]" started-at="2023-02-15T11:24:34 IST" name="launchApplication" finished-at="2023-02-15T11:24:39 IST" duration-ms="4746" status="PASS">
          <reporter-output>
          </reporter-output>
        </test-method> <!-- launchApplication -->
        <test-method signature="performanceGlitchUserValidation()[pri:0, instance:Home.PracticeProject.tests.ErrorValidations@5a5a729f]" started-at="2023-02-15T11:24:39 IST" name="performanceGlitchUserValidation" finished-at="2023-02-15T11:24:47 IST" duration-ms="7654" status="PASS">
          <reporter-output>
          </reporter-output>
        </test-method> <!-- performanceGlitchUserValidation -->
        <test-method is-config="true" signature="closeWindow()[pri:0, instance:Home.PracticeProject.tests.ErrorValidations@5a5a729f]" started-at="2023-02-15T11:24:47 IST" name="closeWindow" finished-at="2023-02-15T11:24:47 IST" duration-ms="128" status="PASS">
          <reporter-output>
          </reporter-output>
        </test-method> <!-- closeWindow -->
      </class> <!-- Home.PracticeProject.tests.ErrorValidations -->
    </test> <!-- ErrorValidations -->
  </suite> <!-- Suite -->
</testng-results>
